Arguments: 
  C:\Program Files\nodejs\node.exe C:\Program Files (x86)\Yarn\bin\yarn.js install

PATH: 
  c:\Program Files (x86)\Intel\iCLS Client\;c:\Program Files\Intel\iCLS Client\;C:\Windows\system32;C:\Windows;C:\Windows\System32\Wbem;C:\Windows\System32\WindowsPowerShell\v1.0\;c:\Program Files (x86)\Hewlett-Packard\HP ProtectTools Security Manager\Bin\;C:\Program Files (x86)\Intel\OpenCL SDK\2.0\bin\x86;C:\Program Files (x86)\Intel\OpenCL SDK\2.0\bin\x64;C:\Program Files\Intel\Intel(R) Management Engine Components\DAL;C:\Program Files\Intel\Intel(R) Management Engine Components\IPT;C:\Program Files (x86)\Intel\Intel(R) Management Engine Components\DAL;C:\Program Files (x86)\Intel\Intel(R) Management Engine Components\IPT;C:\Program Files (x86)\Intel\OpenCL SDK\2.0\bin\x86;C:\Program Files (x86)\Intel\OpenCL SDK\2.0\bin\x64;C:\Program Files\Tesseract-OCR;C:\Program Files\nodejs\;C:\Program Files (x86)\Yarn\bin\;C:\Users\GISTDA\AppData\Local\Programs\Python\Python35\Scripts\;C:\Users\GISTDA\AppData\Local\Programs\Python\Python35\;C:\Users\GISTDA\AppData\Local\Programs\Microsoft VS Code\bin;C:\src\flutter\bin;C:\Users\GISTDA\AppData\Roaming\npm;C:\Users\GISTDA\AppData\Local\Yarn\bin;C:\Users\GISTDA\AppData\Local\GitHubDesktop\bin

Yarn version: 
  1.22.4

Node version: 
  12.16.3

Platform: 
  win32 x64

Trace: 
  Error: https://registry.yarnpkg.com/@angular/common/-/common-6.0.9.tgz: ESOCKETTIMEDOUT
      at ClientRequest.<anonymous> (C:\Program Files (x86)\Yarn\lib\cli.js:141375:19)
      at Object.onceWrapper (events.js:416:28)
      at ClientRequest.emit (events.js:310:20)
      at TLSSocket.emitRequestTimeout (_http_client.js:709:9)
      at Object.onceWrapper (events.js:416:28)
      at TLSSocket.emit (events.js:322:22)
      at TLSSocket.Socket._onTimeout (net.js:479:8)
      at listOnTimeout (internal/timers.js:549:17)
      at processTimers (internal/timers.js:492:7)

npm manifest: 
  {
    "name": "sipros-client",
    "version": "0.0.0",
    "license": "MIT",
    "scripts": {
      "ng": "ng",
      "start": "ng serve",
      "build": "ng build",
      "test": "ng test",
      "lint": "ng lint",
      "e2e": "ng e2e",
      "ng-deploy": "ng build --configuration=prod",
      "ng-local-deploy": "ng build --configuration=local-deploy"
    },
    "private": true,
    "dependencies": {
      "@angular/animations": "6.0.9",
      "@angular/common": "6.0.9",
      "@angular/compiler": "6.0.9",
      "@angular/core": "6.0.9",
      "@angular/forms": "6.0.9",
      "@angular/http": "6.0.9",
      "@angular/material": "^6.4.1",
      "@angular/platform-browser": "6.0.9",
      "@angular/platform-browser-dynamic": "6.0.9",
      "@angular/router": "6.0.9",
      "@asymmetrik/ngx-leaflet": "^4.0.0",
      "@ng-bootstrap/ng-bootstrap": "^1.1.2",
      "@types/leaflet": "^1.2.8",
      "@types/leaflet-draw": "^0.4.13",
      "angular-fusioncharts": "^2.0.0",
      "angular4-fusioncharts": "^1.0.0",
      "bootstrap": "^3.3.7",
      "core-js": "^2.5.7",
      "font-awesome": "^4.7.0",
      "fusioncharts": "^3.13.1-sr.1",
      "jquery": "^3.3.1",
      "leaflet": "^1.3.1",
      "leaflet-draw": "0.4.9",
      "leaflet-imageoverlay-rotated": "^0.2.1",
      "ln": "^0.4.3",
      "ng-bootstrap-to-bootstrap-3": "^0.7.0",
      "ng2-checklist": "^1.0.2",
      "ng2-file-upload": "^1.3.0",
      "ng2-select": "^1.2.0",
      "ngx-pagination": "^3.1.1",
      "primeng": "^4.3.0",
      "rxjs": "^6.2.2",
      "rxjs-compat": "^6.2.2",
      "zone.js": "^0.8.26"
    },
    "devDependencies": {
      "@angular-devkit/build-angular": "~0.6.8",
      "@angular/cli": "^6.1.4",
      "@angular/compiler-cli": "6.0.9",
      "@schematics/angular": "^10.0.7",
      "@types/fusioncharts": "^3.11.5",
      "@types/jasmine": "2.5.38",
      "@types/node": "^6.0.114",
      "codelyzer": "~2.0.0",
      "jasmine-core": "~2.5.2",
      "jasmine-spec-reporter": "~3.2.0",
      "karma": "~1.4.1",
      "karma-chrome-launcher": "~2.0.0",
      "karma-cli": "~1.0.1",
      "karma-coverage-istanbul-reporter": "^0.2.0",
      "karma-firefox-launcher": "^1.1.0",
      "karma-jasmine": "^1.1.2",
      "karma-jasmine-html-reporter": "^0.2.2",
      "protractor": "^5.4.0",
      "ts-node": "~2.0.0",
      "tslint": "~4.5.0",
      "typescript": "2.7.2"
    }
  }

yarn manifest: 
  No manifest

Lockfile: 
  No lockfile
